<?xml version="1.0" encoding="UTF-8"?>
<testng-results ignored="0" total="8" passed="8" failed="0" skipped="0">
  <reporter-output>
  </reporter-output>
  <suite started-at="2024-08-11T16:49:03 IST" name="Default suite" finished-at="2024-08-11T16:49:04 IST" duration-ms="977">
    <groups>
      <group name="cucumber">
        <method signature="AbstractTestNGCucumberTests.runScenario(io.cucumber.testng.PickleWrapper,io.cucumber.testng.FeatureWrapper)[pri:0, instance:CucumberOptions.cucumberOptions@1530c739]" name="runScenario" class="io.cucumber.testng.AbstractTestNGCucumberTests"/>
      </group> <!-- cucumber -->
    </groups>
    <test started-at="2024-08-11T16:49:03 IST" name="Default test" finished-at="2024-08-11T16:49:04 IST" duration-ms="977">
      <class name="CucumberOptions.cucumberOptions">
        <test-method is-config="true" signature="setUpClass(org.testng.ITestContext)[pri:0, instance:CucumberOptions.cucumberOptions@1530c739]" started-at="2024-08-11T16:49:03 IST" name="setUpClass" finished-at="2024-08-11T16:49:03 IST" duration-ms="716" status="PASS">
          <params>
            <param index="0">
              <value>
                <![CDATA[org.testng.TestRunner@4bd2f0dc]]>
              </value>
            </param>
          </params>
          <reporter-output>
          </reporter-output>
        </test-method> <!-- setUpClass -->
        <test-method signature="runScenario(io.cucumber.testng.PickleWrapper,io.cucumber.testng.FeatureWrapper)[pri:0, instance:CucumberOptions.cucumberOptions@1530c739]" started-at="2024-08-11T16:49:03 IST" name="runScenario" description="Runs Cucumber Scenarios" data-provider="scenarios" finished-at="2024-08-11T16:49:03 IST" duration-ms="95" status="PASS">
          <params>
            <param index="0">
              <value>
                <![CDATA["Admin Page default login"]]>
              </value>
            </param>
            <param index="1">
              <value>
                <![CDATA["Application Login"]]>
              </value>
            </param>
          </params>
          <reporter-output>
          </reporter-output>
        </test-method> <!-- runScenario -->
        <test-method signature="runScenario(io.cucumber.testng.PickleWrapper,io.cucumber.testng.FeatureWrapper)[pri:0, instance:CucumberOptions.cucumberOptions@1530c739]" started-at="2024-08-11T16:49:03 IST" name="runScenario" description="Runs Cucumber Scenarios" data-provider="scenarios" finished-at="2024-08-11T16:49:03 IST" duration-ms="12" status="PASS">
          <params>
            <param index="0">
              <value>
                <![CDATA["User Page default login"]]>
              </value>
            </param>
            <param index="1">
              <value>
                <![CDATA["Application Login"]]>
              </value>
            </param>
          </params>
          <reporter-output>
          </reporter-output>
        </test-method> <!-- runScenario -->
        <test-method signature="runScenario(io.cucumber.testng.PickleWrapper,io.cucumber.testng.FeatureWrapper)[pri:0, instance:CucumberOptions.cucumberOptions@1530c739]" started-at="2024-08-11T16:49:03 IST" name="runScenario" description="Runs Cucumber Scenarios" data-provider="scenarios" finished-at="2024-08-11T16:49:03 IST" duration-ms="13" status="PASS">
          <params>
            <param index="0">
              <value>
                <![CDATA["User Page default login"]]>
              </value>
            </param>
            <param index="1">
              <value>
                <![CDATA["Application Login"]]>
              </value>
            </param>
          </params>
          <reporter-output>
          </reporter-output>
        </test-method> <!-- runScenario -->
        <test-method signature="runScenario(io.cucumber.testng.PickleWrapper,io.cucumber.testng.FeatureWrapper)[pri:0, instance:CucumberOptions.cucumberOptions@1530c739]" started-at="2024-08-11T16:49:03 IST" name="runScenario" description="Runs Cucumber Scenarios" data-provider="scenarios" finished-at="2024-08-11T16:49:03 IST" duration-ms="8" status="PASS">
          <params>
            <param index="0">
              <value>
                <![CDATA["Admin Page default login"]]>
              </value>
            </param>
            <param index="1">
              <value>
                <![CDATA["Application Login"]]>
              </value>
            </param>
          </params>
          <reporter-output>
          </reporter-output>
        </test-method> <!-- runScenario -->
        <test-method signature="runScenario(io.cucumber.testng.PickleWrapper,io.cucumber.testng.FeatureWrapper)[pri:0, instance:CucumberOptions.cucumberOptions@1530c739]" started-at="2024-08-11T16:49:03 IST" name="runScenario" description="Runs Cucumber Scenarios" data-provider="scenarios" finished-at="2024-08-11T16:49:03 IST" duration-ms="8" status="PASS">
          <params>
            <param index="0">
              <value>
                <![CDATA["User Page default login"]]>
              </value>
            </param>
            <param index="1">
              <value>
                <![CDATA["Application Login"]]>
              </value>
            </param>
          </params>
          <reporter-output>
          </reporter-output>
        </test-method> <!-- runScenario -->
        <test-method signature="runScenario(io.cucumber.testng.PickleWrapper,io.cucumber.testng.FeatureWrapper)[pri:0, instance:CucumberOptions.cucumberOptions@1530c739]" started-at="2024-08-11T16:49:03 IST" name="runScenario" description="Runs Cucumber Scenarios" data-provider="scenarios" finished-at="2024-08-11T16:49:03 IST" duration-ms="6" status="PASS">
          <params>
            <param index="0">
              <value>
                <![CDATA["User Page default login"]]>
              </value>
            </param>
            <param index="1">
              <value>
                <![CDATA["Application Login"]]>
              </value>
            </param>
          </params>
          <reporter-output>
          </reporter-output>
        </test-method> <!-- runScenario -->
        <test-method signature="runScenario(io.cucumber.testng.PickleWrapper,io.cucumber.testng.FeatureWrapper)[pri:0, instance:CucumberOptions.cucumberOptions@1530c739]" started-at="2024-08-11T16:49:03 IST" name="runScenario" description="Runs Cucumber Scenarios" data-provider="scenarios" finished-at="2024-08-11T16:49:03 IST" duration-ms="7" status="PASS">
          <params>
            <param index="0">
              <value>
                <![CDATA["User Page default login"]]>
              </value>
            </param>
            <param index="1">
              <value>
                <![CDATA["Application Login"]]>
              </value>
            </param>
          </params>
          <reporter-output>
          </reporter-output>
        </test-method> <!-- runScenario -->
        <test-method signature="runScenario(io.cucumber.testng.PickleWrapper,io.cucumber.testng.FeatureWrapper)[pri:0, instance:CucumberOptions.cucumberOptions@1530c739]" started-at="2024-08-11T16:49:03 IST" name="runScenario" description="Runs Cucumber Scenarios" data-provider="scenarios" finished-at="2024-08-11T16:49:04 IST" duration-ms="16" status="PASS">
          <params>
            <param index="0">
              <value>
                <![CDATA["User Page default sign up"]]>
              </value>
            </param>
            <param index="1">
              <value>
                <![CDATA["Application Login"]]>
              </value>
            </param>
          </params>
          <reporter-output>
          </reporter-output>
        </test-method> <!-- runScenario -->
        <test-method is-config="true" signature="tearDownClass()[pri:0, instance:CucumberOptions.cucumberOptions@1530c739]" started-at="2024-08-11T16:49:04 IST" name="tearDownClass" finished-at="2024-08-11T16:49:04 IST" duration-ms="37" status="PASS">
          <reporter-output>
          </reporter-output>
        </test-method> <!-- tearDownClass -->
      </class> <!-- CucumberOptions.cucumberOptions -->
    </test> <!-- Default test -->
  </suite> <!-- Default suite -->
</testng-results>
